<?xml version="1.0" encoding="UTF-8"?>
<!-- Generated by org.testng.reporters.JUnitXMLReporter -->
<testsuite ignored="0" hostname="IN002ZLK" failures="0" tests="4" name="Default test" time="0.06" errors="0" timestamp="2024-02-23T00:10:21 IST">
  <testcase classname="TestNGGroup.AnnotationClass" name="met3" time="0.004"/>
  <testcase classname="TestNGGroup.AnnotationClass" name="met2" time="0.001"/>
  <testcase classname="TestNGGroup.AnnotationClass" name="met4" time="0.002"/>
  <testcase classname="TestNGGroup.AnnotationClass" name="met1" time="0.001"/>
</testsuite> <!-- Default test -->
