<?xml version="1.0" encoding="UTF-8"?>
<!-- Generated by org.testng.reporters.JUnitXMLReporter -->
<testsuite ignored="0" hostname="IN002ZLK" failures="0" tests="3" name="TestNGparallel" time="0.214" errors="0" timestamp="2024-02-20T16:50:26 IST">
  <testcase classname="TestNGparallel.Paralleltest" name="method" time="0.034"/>
  <testcase classname="TestNGparallel.Paralleltest" name="method2" time="0.005"/>
  <testcase classname="TestNGparallel.Paralleltest" name="method3" time="0.004"/>
</testsuite> <!-- TestNGparallel -->
